<?xml version="1.0" encoding="UTF-8"?>
<testsuite xmlns:xsi="http://www.w3.org/2001/XMLSchema-instance" xsi:noNamespaceSchemaLocation="https://maven.apache.org/surefire/maven-surefire-plugin/xsd/surefire-test-report.xsd" name="PingServiceCTRedisSpec" time="22.854" tests="1" errors="0" skipped="0" failures="1">
  <properties>
[...]
</properties>
  <testcase name="should send requests and handle successful responses" classname="com.demo.ct.PingServiceCTRedisSpec" time="11.491">
    <failure message="Condition not satisfied:&#10;&#10;meterRegistry.counter(&quot;pong.200&quot;).count() &gt;= 1&#10;|             |                   |       |&#10;|             |                   0.0     false&#10;|             &lt;io.micrometer.core.instrument.cumulative.CumulativeCounter@55e350c5 value=0.0 id=MeterId{name=&apos;pong.200&apos;, tags=[]}&gt;&#10;&lt;io.micrometer.core.instrument.simple.SimpleMeterRegistry@37ee58cf config=org.springframework.boot.actuate.autoconfigure.metrics.export.simple.SimplePropertiesConfigAdapter@1f652362 clock=io.micrometer.core.instrument.Clock$1@78373fdf meterMapLock=java.lang.Object@46c1b1b1 filters=[org.springframework.boot.actuate.autoconfigure.metrics.PropertiesMeterFilter@2e16c98b, io.micrometer.core.instrument.config.MeterFilter$9@4ba5272e, io.micrometer.core.instrument.config.MeterFilter$9@35c9e3b9] meterAddedListeners=[] meterRemovedListeners=[] meterRegistrationFailedListeners=[] config=io.micrometer.core.instrument.MeterRegistry$Config@290b5e62 more=io.micrometer.core.instrument.MeterRegistry$More@45ada2d0 meterMap=[MeterId{name=&apos;jvm.buffer.memory.used&apos;, tags=[tag(id=direct)]}:io.micrometer.core.instrument.internal.DefaultGauge@caa4e924, MeterId{name=&apos;jvm.threads.states&apos;, tags=[tag(state=blocked)]}:io.micrometer.core.instrument.internal.DefaultGauge@d247c546, MeterId{name=&apos;process.uptime&apos;, tags=[]}:io.micrometer.core.instrument.MeterRegistry$1@3bb2680e, MeterId{name=&apos;jvm.memory.used&apos;, tags=[tag(area=nonheap),tag(id=Compressed Class Space)]}:io.micrometer.core.instrument.internal.DefaultGauge@3235373c, MeterId{name=&apos;jvm.threads.states&apos;, tags=[tag(state=runnable)]}:io.micrometer.core.instrument.internal.DefaultGauge@4feb677, MeterId{name=&apos;application.ready.time&apos;, tags=[tag(main.application.class=com.demo.ct.PingServiceCTRedisSpec)]}:io.micrometer.core.instrument.MeterRegistry$1@75a44ada, MeterId{name=&apos;executor.queued&apos;, tags=[tag(name=taskScheduler)]}:io.micrometer.core.instrument.internal.DefaultGauge@a56f927c, MeterId{name=&apos;jvm.memory.used&apos;, tags=[tag(area=nonheap),tag(id=Metaspace)]}:io.micrometer.core.instrument.internal.DefaultGauge@fb8dfb1e, MeterId{name=&apos;jvm.buffer.count&apos;, tags=[tag(id=mapped - &apos;non-volatile memory&apos;)]}:io.micrometer.core.instrument.internal.DefaultGauge@eb4a45df, MeterId{name=&apos;logback.events&apos;, tags=[tag(level=trace)]}:io.micrometer.core.instrument.cumulative.CumulativeCounter@b93123a4, MeterId{name=&apos;jvm.memory.committed&apos;, tags=[tag(area=heap),tag(id=G1 Old Gen)]}:io.micrometer.core.instrument.internal.DefaultGauge@1fbbba2c, MeterId{name=&apos;jvm.memory.used&apos;, tags=[tag(area=nonheap),tag(id=CodeHeap &apos;non-profiled nmethods&apos;)]}:io.micrometer.core.instrument.internal.DefaultGauge@c9869a9b, MeterId{name=&apos;executor.queue.remaining&apos;, tags=[tag(name=applicationTaskExecutor)]}:io.micrometer.core.instrument.internal.DefaultGauge@1a41b35e, MeterId{name=&apos;jvm.buffer.total.capacity&apos;, tags=[tag(id=direct)]}:io.micrometer.core.instrument.internal.DefaultGauge@5ff7d8e8, MeterId{name=&apos;jvm.memory.committed&apos;, tags=[tag(area=heap),tag(id=G1 Eden Space)]}:io.micrometer.core.instrument.internal.DefaultGauge@e1cfe76f, MeterId{name=&apos;executor.pool.size&apos;, tags=[tag(name=applicationTaskExecutor)]}:io.micrometer.core.instrument.internal.DefaultGauge@fd8589a4, MeterId{name=&apos;jvm.memory.max&apos;, tags=[tag(area=heap),tag(id=G1 Eden Space)]}:io.micrometer.core.instrument.internal.DefaultGauge@35263687, MeterId{name=&apos;system.cpu.usage&apos;, tags=[]}:io.micrometer.core.instrument.internal.DefaultGauge@d18676a5, MeterId{name=&apos;jvm.threads.live&apos;, tags=[]}:io.micrometer.core.instrument.internal.DefaultGauge@f4269383, MeterId{name=&apos;pong.200&apos;, tags=[]}:io.micrometer.core.instrument.cumulative.CumulativeCounter@55e350c5, MeterId{name=&apos;jvm.classes.unloaded&apos;, tags=[]}:io.micrometer.core.instrument.cumulative.CumulativeFunctionCounter@2da9a00e, MeterId{name=&apos;application.started.time&apos;, tags=[tag(main.application.class=com.demo.ct.PingServiceCTRedisSpec)]}:io.micrometer.core.instrument.MeterRegistry$1@15f83813, MeterId{name=&apos;jvm.memory.committed&apos;, tags=[tag(area=nonheap),tag(id=Compressed Class Space)]}:io.micrometer.core.instrument.internal.DefaultGauge@aef5415d, MeterId{name=&apos;jvm.classes.loaded&apos;, tags=[]}:io.micrometer.core.instrument.internal.DefaultGauge@1f2cab87, MeterId{name=&apos;jvm.threads.peak&apos;, tags=[]}:io.micrometer.core.instrument.internal.DefaultGauge@f45cd1f0, MeterId{name=&apos;jvm.memory.max&apos;, tags=[tag(area=nonheap),tag(id=CodeHeap &apos;profiled nmethods&apos;)]}:io.micrometer.core.instrument.internal.DefaultGauge@5f65b4d4, MeterId{name=&apos;jvm.memory.committed&apos;, tags=[tag(area=nonheap),tag(id=CodeHeap &apos;profiled nmethods&apos;)]}:io.micrometer.core.instrument.internal.DefaultGauge@c0f65bc, MeterId{name=&apos;jvm.gc.pause&apos;, tags=[tag(action=end of minor GC),tag(cause=G1 Evacuation Pause),tag(gc=G1 Young Generation)]}:io.micrometer.core.instrument.cumulative.CumulativeTimer@43f441c7, MeterId{name=&apos;jvm.gc.overhead&apos;, tags=[]}:io.micrometer.core.instrument.internal.DefaultGauge@3d5d6f68, MeterId{name=&apos;logback.events&apos;, tags=[tag(level=warn)]}:io.micrometer.core.instrument.cumulative.CumulativeCounter@b2d0c4e5, MeterId{name=&apos;logback.events&apos;, tags=[tag(level=error)]}:io.micrometer.core.instrument.cumulative.CumulativeCounter@b85e0467, MeterId{name=&apos;disk.total&apos;, tags=[tag(path=C:\code\hsbc\demo\ping\.)]}:io.micrometer.core.instrument.internal.DefaultGauge@f6a4da9e, MeterId{name=&apos;jvm.gc.memory.promoted&apos;, tags=[]}:io.micrometer.core.instrument.cumulative.CumulativeCounter@908ea135, MeterId{name=&apos;jvm.memory.max&apos;, tags=[tag(area=nonheap),tag(id=Compressed Class Space)]}:io.micrometer.core.instrument.internal.DefaultGauge@24b9075, MeterId{name=&apos;jvm.threads.started&apos;, tags=[]}:io.micrometer.core.instrument.cumulative.CumulativeFunctionCounter@f4c19f2, MeterId{name=&apos;jvm.threads.states&apos;, tags=[tag(state=waiting)]}:io.micrometer.core.instrument.internal.DefaultGauge@161879a7, MeterId{name=&apos;executor.completed&apos;, tags=[tag(name=applicationTaskExecutor)]}:io.micrometer.core.instrument.cumulative.CumulativeFunctionCounter@2ad3cec, MeterId{name=&apos;jvm.buffer.count&apos;, tags=[tag(id=mapped)]}:io.micrometer.core.instrument.internal.DefaultGauge@64089849, MeterId{name=&apos;jvm.memory.used&apos;, tags=[tag(area=heap),tag(id=G1 Eden Space)]}:io.micrometer.core.instrument.internal.DefaultGauge@650fdd4e, MeterId{name=&apos;executor.pool.max&apos;, tags=[tag(name=applicationTaskExecutor)]}:io.micrometer.core.instrument.internal.DefaultGauge@4eebf02f, MeterId{name=&apos;jvm.gc.memory.allocated&apos;, tags=[]}:io.micrometer.core.instrument.cumulative.CumulativeCounter@d40735c2, MeterId{name=&apos;jvm.info&apos;, tags=[tag(runtime=Java(TM) SE Runtime Environment),tag(vendor=Oracle Corporation),tag(version=17.0.12+8-LTS-286)]}:io.micrometer.core.instrument.internal.DefaultGauge@8fb5abe, MeterId{name=&apos;logback.events&apos;, tags=[tag(level=info)]}:io.micrometer.core.instrument.cumulative.CumulativeCounter@b2ca970d, MeterId{name=&apos;jvm.memory.max&apos;, tags=[tag(area=nonheap),tag(id=CodeHeap &apos;non-profiled nmethods&apos;)]}:io.micrometer.core.instrument.internal.DefaultGauge@999cf3d4, MeterId{name=&apos;jvm.memory.usage.after.gc&apos;, tags=[tag(area=heap),tag(pool=long-lived)]}:io.micrometer.core.instrument.internal.DefaultGauge@c0bba6f2, MeterId{name=&apos;jvm.memory.used&apos;, tags=[tag(area=heap),tag(id=G1 Survivor Space)]}:io.micrometer.core.instrument.internal.DefaultGauge@e570273c, MeterId{name=&apos;jvm.memory.used&apos;, tags=[tag(area=nonheap),tag(id=CodeHeap &apos;non-nmethods&apos;)]}:io.micrometer.core.instrument.internal.DefaultGauge@72ad77e0, MeterId{name=&apos;disk.free&apos;, tags=[tag(path=C:\code\hsbc\demo\ping\.)]}:io.micrometer.core.instrument.internal.DefaultGauge@9f261774, MeterId{name=&apos;jvm.buffer.total.capacity&apos;, tags=[tag(id=mapped)]}:io.micrometer.core.instrument.internal.DefaultGauge@6ee1fb32, MeterId{name=&apos;jvm.gc.max.data.size&apos;, tags=[]}:io.micrometer.core.instrument.internal.DefaultGauge@a938f6eb, MeterId{name=&apos;executor.pool.core&apos;, tags=[tag(name=taskScheduler)]}:io.micrometer.core.instrument.internal.DefaultGauge@a2c09f94, MeterId{name=&apos;jvm.buffer.memory.used&apos;, tags=[tag(id=mapped - &apos;non-volatile memory&apos;)]}:io.micrometer.core.instrument.internal.DefaultGauge@60d0b904, MeterId{name=&apos;jvm.memory.used&apos;, tags=[tag(area=nonheap),tag(id=CodeHeap &apos;profiled nmethods&apos;)]}:io.micrometer.core.instrument.internal.DefaultGauge@8f4f5b9b, MeterId{name=&apos;jvm.memory.max&apos;, tags=[tag(area=heap),tag(id=G1 Old Gen)]}:io.micrometer.core.instrument.internal.DefaultGauge@73120944, MeterId{name=&apos;system.cpu.count&apos;, tags=[]}:io.micrometer.core.instrument.internal.DefaultGauge@b2a010f7, MeterId{name=&apos;jvm.memory.max&apos;, tags=[tag(area=nonheap),tag(id=CodeHeap &apos;non-nmethods&apos;)]}:io.micrometer.core.instrument.internal.DefaultGauge@42c3d119, MeterId{name=&apos;executor.pool.core&apos;, tags=[tag(name=applicationTaskExecutor)]}:io.micrometer.core.instrument.internal.DefaultGauge@fca6adc6, MeterId{name=&apos;process.start.time&apos;, tags=[]}:io.micrometer.core.instrument.MeterRegistry$1@4161d3f8, MeterId{name=&apos;jvm.buffer.count&apos;, tags=[tag(id=direct)]}:io.micrometer.core.instrument.internal.DefaultGauge@551e75ff, MeterId{name=&apos;jvm.buffer.memory.used&apos;, tags=[tag(id=mapped)]}:io.micrometer.core.instrument.internal.DefaultGauge@d98f0b6e, MeterId{name=&apos;jvm.threads.daemon&apos;, tags=[]}:io.micrometer.core.instrument.internal.DefaultGauge@cf0cdd6b, MeterId{name=&apos;jvm.compilation.time&apos;, tags=[tag(compiler=HotSpot 64-Bit Tiered Compilers)]}:io.micrometer.core.instrument.cumulative.CumulativeFunctionCounter@732842c1, MeterId{name=&apos;jvm.threads.states&apos;, tags=[tag(state=new)]}:io.micrometer.core.instrument.internal.DefaultGauge@d3908cfa, MeterId{name=&apos;executor.active&apos;, tags=[tag(name=taskScheduler)]}:io.micrometer.core.instrument.internal.DefaultGauge@3922cf49, MeterId{name=&apos;jvm.buffer.total.capacity&apos;, tags=[tag(id=mapped - &apos;non-volatile memory&apos;)]}:io.micrometer.core.instrument.internal.DefaultGauge@f623a8c8, MeterId{name=&apos;jvm.memory.committed&apos;, tags=[tag(area=nonheap),tag(id=CodeHeap &apos;non-nmethods&apos;)]}:io.micrometer.core.instrument.internal.DefaultGauge@ef6d8201, MeterId{name=&apos;executor.pool.size&apos;, tags=[tag(name=taskScheduler)]}:io.micrometer.core.instrument.internal.DefaultGauge@a39f7b72, MeterId{name=&apos;jvm.memory.committed&apos;, tags=[tag(area=heap),tag(id=G1 Survivor Space)]}:io.micrometer.core.instrument.internal.DefaultGauge@6230315d, MeterId{name=&apos;jvm.threads.states&apos;, tags=[tag(state=timed-waiting)]}:io.micrometer.core.instrument.internal.DefaultGauge@44fe3d11, MeterId{name=&apos;jvm.memory.used&apos;, tags=[tag(area=heap),tag(id=G1 Old Gen)]}:io.micrometer.core.instrument.internal.DefaultGauge@a2fbb00b, MeterId{name=&apos;jvm.memory.committed&apos;, tags=[tag(area=nonheap),tag(id=Metaspace)]}:io.micrometer.core.instrument.internal.DefaultGauge@784e053f, MeterId{name=&apos;jvm.memory.max&apos;, tags=[tag(area=nonheap),tag(id=Metaspace)]}:io.micrometer.core.instrument.internal.DefaultGauge@cba45457, MeterId{name=&apos;executor.active&apos;, tags=[tag(name=applicationTaskExecutor)]}:io.micrometer.core.instrument.internal.DefaultGauge@9308dd7b, MeterId{name=&apos;jvm.memory.max&apos;, tags=[tag(area=heap),tag(id=G1 Survivor Space)]}:io.micrometer.core.instrument.internal.DefaultGauge@b5868075, MeterId{name=&apos;jvm.threads.states&apos;, tags=[tag(state=terminated)]}:io.micrometer.core.instrument.internal.DefaultGauge@858bf17d, MeterId{name=&apos;executor.queue.remaining&apos;, tags=[tag(name=taskScheduler)]}:io.micrometer.core.instrument.internal.DefaultGauge@c05ba52c, MeterId{name=&apos;pong.429&apos;, tags=[]}:io.micrometer.core.instrument.cumulative.CumulativeCounter@55e4421c, MeterId{name=&apos;executor.pool.max&apos;, tags=[tag(name=taskScheduler)]}:io.micrometer.core.instrument.internal.DefaultGauge@f505e1fd, MeterId{name=&apos;jvm.memory.committed&apos;, tags=[tag(area=nonheap),tag(id=CodeHeap &apos;non-profiled nmethods&apos;)]}:io.micrometer.core.instrument.internal.DefaultGauge@4646a4bc, MeterId{name=&apos;jvm.gc.live.data.size&apos;, tags=[]}:io.micrometer.core.instrument.internal.DefaultGauge@3b02f079, MeterId{name=&apos;executor.queued&apos;, tags=[tag(name=applicationTaskExecutor)]}:io.micrometer.core.instrument.internal.DefaultGauge@ff55a0ae, MeterId{name=&apos;logback.events&apos;, tags=[tag(level=debug)]}:io.micrometer.core.instrument.cumulative.CumulativeCounter@b849c8b2, MeterId{name=&apos;executor.completed&apos;, tags=[tag(name=taskScheduler)]}:io.micrometer.core.instrument.cumulative.CumulativeFunctionCounter@a8c72eba, MeterId{name=&apos;process.cpu.usage&apos;, tags=[]}:io.micrometer.core.instrument.internal.DefaultGauge@109ba265, MeterId{name=&apos;ping.429&apos;, tags=[]}:io.micrometer.core.instrument.cumulative.CumulativeCounter@e69d34e2] syntheticAssociations=[:] closed=false pauseDetector=io.micrometer.core.instrument.distribution.pause.NoPauseDetector@693b21c2 highCardinalityTagsDetector=null namingConvention=io.micrometer.core.instrument.config.NamingConvention$1@3e1e44a5&gt;&#10;" type="org.spockframework.runtime.ConditionNotSatisfiedError"><![CDATA[org.spockframework.runtime.ConditionNotSatisfiedError: 
Condition not satisfied:

meterRegistry.counter("pong.200").count() >= 1
|             |                   |       |
|             |                   0.0     false
|             <io.micrometer.core.instrument.cumulative.CumulativeCounter@55e350c5 value=0.0 id=MeterId{name='pong.200', tags=[]}>
<io.micrometer.core.instrument.simple.SimpleMeterRegistry@37ee58cf config=org.springframework.boot.actuate.autoconfigure.metrics.export.simple.SimplePropertiesConfigAdapter@1f652362 clock=io.micrometer.core.instrument.Clock$1@78373fdf meterMapLock=java.lang.Object@46c1b1b1 filters=[org.springframework.boot.actuate.autoconfigure.metrics.PropertiesMeterFilter@2e16c98b, io.micrometer.core.instrument.config.MeterFilter$9@4ba5272e, io.micrometer.core.instrument.config.MeterFilter$9@35c9e3b9] meterAddedListeners=[] meterRemovedListeners=[] meterRegistrationFailedListeners=[] config=io.micrometer.core.instrument.MeterRegistry$Config@290b5e62 more=io.micrometer.core.instrument.MeterRegistry$More@45ada2d0 meterMap=[MeterId{name='jvm.buffer.memory.used', tags=[tag(id=direct)]}:io.micrometer.core.instrument.internal.DefaultGauge@caa4e924, MeterId{name='jvm.threads.states', tags=[tag(state=blocked)]}:io.micrometer.core.instrument.internal.DefaultGauge@d247c546, MeterId{name='process.uptime', tags=[]}:io.micrometer.core.instrument.MeterRegistry$1@3bb2680e, MeterId{name='jvm.memory.used', tags=[tag(area=nonheap),tag(id=Compressed Class Space)]}:io.micrometer.core.instrument.internal.DefaultGauge@3235373c, MeterId{name='jvm.threads.states', tags=[tag(state=runnable)]}:io.micrometer.core.instrument.internal.DefaultGauge@4feb677, MeterId{name='application.ready.time', tags=[tag(main.application.class=com.demo.ct.PingServiceCTRedisSpec)]}:io.micrometer.core.instrument.MeterRegistry$1@75a44ada, MeterId{name='executor.queued', tags=[tag(name=taskScheduler)]}:io.micrometer.core.instrument.internal.DefaultGauge@a56f927c, MeterId{name='jvm.memory.used', tags=[tag(area=nonheap),tag(id=Metaspace)]}:io.micrometer.core.instrument.internal.DefaultGauge@fb8dfb1e, MeterId{name='jvm.buffer.count', tags=[tag(id=mapped - 'non-volatile memory')]}:io.micrometer.core.instrument.internal.DefaultGauge@eb4a45df, MeterId{name='logback.events', tags=[tag(level=trace)]}:io.micrometer.core.instrument.cumulative.CumulativeCounter@b93123a4, MeterId{name='jvm.memory.committed', tags=[tag(area=heap),tag(id=G1 Old Gen)]}:io.micrometer.core.instrument.internal.DefaultGauge@1fbbba2c, MeterId{name='jvm.memory.used', tags=[tag(area=nonheap),tag(id=CodeHeap 'non-profiled nmethods')]}:io.micrometer.core.instrument.internal.DefaultGauge@c9869a9b, MeterId{name='executor.queue.remaining', tags=[tag(name=applicationTaskExecutor)]}:io.micrometer.core.instrument.internal.DefaultGauge@1a41b35e, MeterId{name='jvm.buffer.total.capacity', tags=[tag(id=direct)]}:io.micrometer.core.instrument.internal.DefaultGauge@5ff7d8e8, MeterId{name='jvm.memory.committed', tags=[tag(area=heap),tag(id=G1 Eden Space)]}:io.micrometer.core.instrument.internal.DefaultGauge@e1cfe76f, MeterId{name='executor.pool.size', tags=[tag(name=applicationTaskExecutor)]}:io.micrometer.core.instrument.internal.DefaultGauge@fd8589a4, MeterId{name='jvm.memory.max', tags=[tag(area=heap),tag(id=G1 Eden Space)]}:io.micrometer.core.instrument.internal.DefaultGauge@35263687, MeterId{name='system.cpu.usage', tags=[]}:io.micrometer.core.instrument.internal.DefaultGauge@d18676a5, MeterId{name='jvm.threads.live', tags=[]}:io.micrometer.core.instrument.internal.DefaultGauge@f4269383, MeterId{name='pong.200', tags=[]}:io.micrometer.core.instrument.cumulative.CumulativeCounter@55e350c5, MeterId{name='jvm.classes.unloaded', tags=[]}:io.micrometer.core.instrument.cumulative.CumulativeFunctionCounter@2da9a00e, MeterId{name='application.started.time', tags=[tag(main.application.class=com.demo.ct.PingServiceCTRedisSpec)]}:io.micrometer.core.instrument.MeterRegistry$1@15f83813, MeterId{name='jvm.memory.committed', tags=[tag(area=nonheap),tag(id=Compressed Class Space)]}:io.micrometer.core.instrument.internal.DefaultGauge@aef5415d, MeterId{name='jvm.classes.loaded', tags=[]}:io.micrometer.core.instrument.internal.DefaultGauge@1f2cab87, MeterId{name='jvm.threads.peak', tags=[]}:io.micrometer.core.instrument.internal.DefaultGauge@f45cd1f0, MeterId{name='jvm.memory.max', tags=[tag(area=nonheap),tag(id=CodeHeap 'profiled nmethods')]}:io.micrometer.core.instrument.internal.DefaultGauge@5f65b4d4, MeterId{name='jvm.memory.committed', tags=[tag(area=nonheap),tag(id=CodeHeap 'profiled nmethods')]}:io.micrometer.core.instrument.internal.DefaultGauge@c0f65bc, MeterId{name='jvm.gc.pause', tags=[tag(action=end of minor GC),tag(cause=G1 Evacuation Pause),tag(gc=G1 Young Generation)]}:io.micrometer.core.instrument.cumulative.CumulativeTimer@43f441c7, MeterId{name='jvm.gc.overhead', tags=[]}:io.micrometer.core.instrument.internal.DefaultGauge@3d5d6f68, MeterId{name='logback.events', tags=[tag(level=warn)]}:io.micrometer.core.instrument.cumulative.CumulativeCounter@b2d0c4e5, MeterId{name='logback.events', tags=[tag(level=error)]}:io.micrometer.core.instrument.cumulative.CumulativeCounter@b85e0467, MeterId{name='disk.total', tags=[tag(path=C:\code\hsbc\demo\ping\.)]}:io.micrometer.core.instrument.internal.DefaultGauge@f6a4da9e, MeterId{name='jvm.gc.memory.promoted', tags=[]}:io.micrometer.core.instrument.cumulative.CumulativeCounter@908ea135, MeterId{name='jvm.memory.max', tags=[tag(area=nonheap),tag(id=Compressed Class Space)]}:io.micrometer.core.instrument.internal.DefaultGauge@24b9075, MeterId{name='jvm.threads.started', tags=[]}:io.micrometer.core.instrument.cumulative.CumulativeFunctionCounter@f4c19f2, MeterId{name='jvm.threads.states', tags=[tag(state=waiting)]}:io.micrometer.core.instrument.internal.DefaultGauge@161879a7, MeterId{name='executor.completed', tags=[tag(name=applicationTaskExecutor)]}:io.micrometer.core.instrument.cumulative.CumulativeFunctionCounter@2ad3cec, MeterId{name='jvm.buffer.count', tags=[tag(id=mapped)]}:io.micrometer.core.instrument.internal.DefaultGauge@64089849, MeterId{name='jvm.memory.used', tags=[tag(area=heap),tag(id=G1 Eden Space)]}:io.micrometer.core.instrument.internal.DefaultGauge@650fdd4e, MeterId{name='executor.pool.max', tags=[tag(name=applicationTaskExecutor)]}:io.micrometer.core.instrument.internal.DefaultGauge@4eebf02f, MeterId{name='jvm.gc.memory.allocated', tags=[]}:io.micrometer.core.instrument.cumulative.CumulativeCounter@d40735c2, MeterId{name='jvm.info', tags=[tag(runtime=Java(TM) SE Runtime Environment),tag(vendor=Oracle Corporation),tag(version=17.0.12+8-LTS-286)]}:io.micrometer.core.instrument.internal.DefaultGauge@8fb5abe, MeterId{name='logback.events', tags=[tag(level=info)]}:io.micrometer.core.instrument.cumulative.CumulativeCounter@b2ca970d, MeterId{name='jvm.memory.max', tags=[tag(area=nonheap),tag(id=CodeHeap 'non-profiled nmethods')]}:io.micrometer.core.instrument.internal.DefaultGauge@999cf3d4, MeterId{name='jvm.memory.usage.after.gc', tags=[tag(area=heap),tag(pool=long-lived)]}:io.micrometer.core.instrument.internal.DefaultGauge@c0bba6f2, MeterId{name='jvm.memory.used', tags=[tag(area=heap),tag(id=G1 Survivor Space)]}:io.micrometer.core.instrument.internal.DefaultGauge@e570273c, MeterId{name='jvm.memory.used', tags=[tag(area=nonheap),tag(id=CodeHeap 'non-nmethods')]}:io.micrometer.core.instrument.internal.DefaultGauge@72ad77e0, MeterId{name='disk.free', tags=[tag(path=C:\code\hsbc\demo\ping\.)]}:io.micrometer.core.instrument.internal.DefaultGauge@9f261774, MeterId{name='jvm.buffer.total.capacity', tags=[tag(id=mapped)]}:io.micrometer.core.instrument.internal.DefaultGauge@6ee1fb32, MeterId{name='jvm.gc.max.data.size', tags=[]}:io.micrometer.core.instrument.internal.DefaultGauge@a938f6eb, MeterId{name='executor.pool.core', tags=[tag(name=taskScheduler)]}:io.micrometer.core.instrument.internal.DefaultGauge@a2c09f94, MeterId{name='jvm.buffer.memory.used', tags=[tag(id=mapped - 'non-volatile memory')]}:io.micrometer.core.instrument.internal.DefaultGauge@60d0b904, MeterId{name='jvm.memory.used', tags=[tag(area=nonheap),tag(id=CodeHeap 'profiled nmethods')]}:io.micrometer.core.instrument.internal.DefaultGauge@8f4f5b9b, MeterId{name='jvm.memory.max', tags=[tag(area=heap),tag(id=G1 Old Gen)]}:io.micrometer.core.instrument.internal.DefaultGauge@73120944, MeterId{name='system.cpu.count', tags=[]}:io.micrometer.core.instrument.internal.DefaultGauge@b2a010f7, MeterId{name='jvm.memory.max', tags=[tag(area=nonheap),tag(id=CodeHeap 'non-nmethods')]}:io.micrometer.core.instrument.internal.DefaultGauge@42c3d119, MeterId{name='executor.pool.core', tags=[tag(name=applicationTaskExecutor)]}:io.micrometer.core.instrument.internal.DefaultGauge@fca6adc6, MeterId{name='process.start.time', tags=[]}:io.micrometer.core.instrument.MeterRegistry$1@4161d3f8, MeterId{name='jvm.buffer.count', tags=[tag(id=direct)]}:io.micrometer.core.instrument.internal.DefaultGauge@551e75ff, MeterId{name='jvm.buffer.memory.used', tags=[tag(id=mapped)]}:io.micrometer.core.instrument.internal.DefaultGauge@d98f0b6e, MeterId{name='jvm.threads.daemon', tags=[]}:io.micrometer.core.instrument.internal.DefaultGauge@cf0cdd6b, MeterId{name='jvm.compilation.time', tags=[tag(compiler=HotSpot 64-Bit Tiered Compilers)]}:io.micrometer.core.instrument.cumulative.CumulativeFunctionCounter@732842c1, MeterId{name='jvm.threads.states', tags=[tag(state=new)]}:io.micrometer.core.instrument.internal.DefaultGauge@d3908cfa, MeterId{name='executor.active', tags=[tag(name=taskScheduler)]}:io.micrometer.core.instrument.internal.DefaultGauge@3922cf49, MeterId{name='jvm.buffer.total.capacity', tags=[tag(id=mapped - 'non-volatile memory')]}:io.micrometer.core.instrument.internal.DefaultGauge@f623a8c8, MeterId{name='jvm.memory.committed', tags=[tag(area=nonheap),tag(id=CodeHeap 'non-nmethods')]}:io.micrometer.core.instrument.internal.DefaultGauge@ef6d8201, MeterId{name='executor.pool.size', tags=[tag(name=taskScheduler)]}:io.micrometer.core.instrument.internal.DefaultGauge@a39f7b72, MeterId{name='jvm.memory.committed', tags=[tag(area=heap),tag(id=G1 Survivor Space)]}:io.micrometer.core.instrument.internal.DefaultGauge@6230315d, MeterId{name='jvm.threads.states', tags=[tag(state=timed-waiting)]}:io.micrometer.core.instrument.internal.DefaultGauge@44fe3d11, MeterId{name='jvm.memory.used', tags=[tag(area=heap),tag(id=G1 Old Gen)]}:io.micrometer.core.instrument.internal.DefaultGauge@a2fbb00b, MeterId{name='jvm.memory.committed', tags=[tag(area=nonheap),tag(id=Metaspace)]}:io.micrometer.core.instrument.internal.DefaultGauge@784e053f, MeterId{name='jvm.memory.max', tags=[tag(area=nonheap),tag(id=Metaspace)]}:io.micrometer.core.instrument.internal.DefaultGauge@cba45457, MeterId{name='executor.active', tags=[tag(name=applicationTaskExecutor)]}:io.micrometer.core.instrument.internal.DefaultGauge@9308dd7b, MeterId{name='jvm.memory.max', tags=[tag(area=heap),tag(id=G1 Survivor Space)]}:io.micrometer.core.instrument.internal.DefaultGauge@b5868075, MeterId{name='jvm.threads.states', tags=[tag(state=terminated)]}:io.micrometer.core.instrument.internal.DefaultGauge@858bf17d, MeterId{name='executor.queue.remaining', tags=[tag(name=taskScheduler)]}:io.micrometer.core.instrument.internal.DefaultGauge@c05ba52c, MeterId{name='pong.429', tags=[]}:io.micrometer.core.instrument.cumulative.CumulativeCounter@55e4421c, MeterId{name='executor.pool.max', tags=[tag(name=taskScheduler)]}:io.micrometer.core.instrument.internal.DefaultGauge@f505e1fd, MeterId{name='jvm.memory.committed', tags=[tag(area=nonheap),tag(id=CodeHeap 'non-profiled nmethods')]}:io.micrometer.core.instrument.internal.DefaultGauge@4646a4bc, MeterId{name='jvm.gc.live.data.size', tags=[]}:io.micrometer.core.instrument.internal.DefaultGauge@3b02f079, MeterId{name='executor.queued', tags=[tag(name=applicationTaskExecutor)]}:io.micrometer.core.instrument.internal.DefaultGauge@ff55a0ae, MeterId{name='logback.events', tags=[tag(level=debug)]}:io.micrometer.core.instrument.cumulative.CumulativeCounter@b849c8b2, MeterId{name='executor.completed', tags=[tag(name=taskScheduler)]}:io.micrometer.core.instrument.cumulative.CumulativeFunctionCounter@a8c72eba, MeterId{name='process.cpu.usage', tags=[]}:io.micrometer.core.instrument.internal.DefaultGauge@109ba265, MeterId{name='ping.429', tags=[]}:io.micrometer.core.instrument.cumulative.CumulativeCounter@e69d34e2] syntheticAssociations=[:] closed=false pauseDetector=io.micrometer.core.instrument.distribution.pause.NoPauseDetector@693b21c2 highCardinalityTagsDetector=null namingConvention=io.micrometer.core.instrument.config.NamingConvention$1@3e1e44a5>

	at com.demo.ct.PingServiceCTRedisSpec.should send requests and handle successful responses(PingServiceCTRedisSpec.groovy:46)
]]></failure>
    <system-out><![CDATA[14:51:17,901 |-INFO in ch.qos.logback.classic.LoggerContext[default] - This is logback-classic version 1.4.11
14:51:17,909 |-INFO in ch.qos.logback.classic.util.ContextInitializer@526e8108 - Here is a list of configurators discovered as a service, by rank: 
14:51:17,909 |-INFO in ch.qos.logback.classic.util.ContextInitializer@526e8108 -   org.springframework.boot.logging.logback.RootLogLevelConfigurator
14:51:17,909 |-INFO in ch.qos.logback.classic.util.ContextInitializer@526e8108 - They will be invoked in order until ExecutionStatus.DO_NOT_INVOKE_NEXT_IF_ANY is returned.
14:51:17,909 |-INFO in ch.qos.logback.classic.util.ContextInitializer@526e8108 - Constructed configurator of type class org.springframework.boot.logging.logback.RootLogLevelConfigurator
14:51:17,919 |-INFO in ch.qos.logback.classic.util.ContextInitializer@526e8108 - org.springframework.boot.logging.logback.RootLogLevelConfigurator.configure() call lasted 0 milliseconds. ExecutionStatus=INVOKE_NEXT_IF_ANY
14:51:17,919 |-INFO in ch.qos.logback.classic.util.ContextInitializer@526e8108 - Trying to configure with ch.qos.logback.classic.joran.SerializedModelConfigurator
14:51:17,921 |-INFO in ch.qos.logback.classic.util.ContextInitializer@526e8108 - Constructed configurator of type class ch.qos.logback.classic.joran.SerializedModelConfigurator
14:51:17,951 |-INFO in ch.qos.logback.classic.LoggerContext[default] - Could NOT find resource [logback-test.scmo]
14:51:17,952 |-INFO in ch.qos.logback.classic.LoggerContext[default] - Could NOT find resource [logback.scmo]
14:51:17,952 |-INFO in ch.qos.logback.classic.util.ContextInitializer@526e8108 - ch.qos.logback.classic.joran.SerializedModelConfigurator.configure() call lasted 31 milliseconds. ExecutionStatus=INVOKE_NEXT_IF_ANY
14:51:17,952 |-INFO in ch.qos.logback.classic.util.ContextInitializer@526e8108 - Trying to configure with ch.qos.logback.classic.util.DefaultJoranConfigurator
14:51:17,953 |-INFO in ch.qos.logback.classic.util.ContextInitializer@526e8108 - Constructed configurator of type class ch.qos.logback.classic.util.DefaultJoranConfigurator
14:51:17,955 |-INFO in ch.qos.logback.classic.LoggerContext[default] - Could NOT find resource [logback-test.xml]
14:51:17,958 |-INFO in ch.qos.logback.classic.LoggerContext[default] - Found resource [logback.xml] at [file:/C:/code/hsbc/demo/ping/target/classes/logback.xml]
14:51:18,309 |-INFO in ch.qos.logback.classic.model.processor.ConfigurationModelHandlerFull - Registering a new ReconfigureOnChangeTask ReconfigureOnChangeTask(born:1736319078307)
14:51:18,311 |-INFO in ch.qos.logback.classic.model.processor.ConfigurationModelHandlerFull - Will scan for changes in [file:/C:/code/hsbc/demo/ping/target/classes/logback.xml] 
14:51:18,311 |-INFO in ch.qos.logback.classic.model.processor.ConfigurationModelHandlerFull - Setting ReconfigureOnChangeTask scanning period to 10 seconds
14:51:18,321 |-INFO in ch.qos.logback.core.model.processor.AppenderModelHandler - Processing appender named [console]
14:51:18,321 |-INFO in ch.qos.logback.core.model.processor.AppenderModelHandler - About to instantiate appender of type [ch.qos.logback.core.ConsoleAppender]
14:51:18,343 |-INFO in ch.qos.logback.core.model.processor.ImplicitModelHandler - Assuming default type [ch.qos.logback.classic.encoder.PatternLayoutEncoder] for [encoder] property
14:51:18,400 |-INFO in ch.qos.logback.core.model.processor.AppenderModelHandler - Processing appender named [file]
14:51:18,400 |-INFO in ch.qos.logback.core.model.processor.AppenderModelHandler - About to instantiate appender of type [ch.qos.logback.core.rolling.RollingFileAppender]
14:51:18,416 |-INFO in c.q.l.core.rolling.TimeBasedRollingPolicy@1305194069 - setting totalSizeCap to 250 MB
14:51:18,427 |-INFO in c.q.l.core.rolling.TimeBasedRollingPolicy@1305194069 - No compression will be used
14:51:18,429 |-INFO in c.q.l.core.rolling.TimeBasedRollingPolicy@1305194069 - Will use the pattern logs/ping-INSTANCE_ID_IS_UNDEFINED.log.%d{yyyyMMdd}.%i.log for the active file
14:51:18,436 |-INFO in ch.qos.logback.core.rolling.SizeAndTimeBasedFNATP@4a9860 - The date pattern is 'yyyyMMdd' from file name pattern 'logs/ping-INSTANCE_ID_IS_UNDEFINED.log.%d{yyyyMMdd}.%i.log'.
14:51:18,436 |-INFO in ch.qos.logback.core.rolling.SizeAndTimeBasedFNATP@4a9860 - Roll-over at midnight.
14:51:18,438 |-INFO in ch.qos.logback.core.rolling.SizeAndTimeBasedFNATP@4a9860 - Setting initial period to 2025-01-08T06:50:18.755Z
14:51:18,438 |-WARN in ch.qos.logback.core.rolling.SizeAndTimeBasedFNATP@4a9860 - SizeAndTimeBasedFNATP is deprecated. Use SizeAndTimeBasedRollingPolicy instead
14:51:18,438 |-WARN in ch.qos.logback.core.rolling.SizeAndTimeBasedFNATP@4a9860 - For more information see http://logback.qos.ch/manual/appenders.html#SizeAndTimeBasedRollingPolicy
14:51:18,440 |-INFO in ch.qos.logback.core.model.processor.ImplicitModelHandler - Assuming default type [ch.qos.logback.classic.encoder.PatternLayoutEncoder] for [encoder] property
14:51:18,444 |-INFO in ch.qos.logback.core.rolling.RollingFileAppender[file] - Active log file name: logs/ping-INSTANCE_ID_IS_UNDEFINED.log
14:51:18,444 |-INFO in ch.qos.logback.core.rolling.RollingFileAppender[file] - File property is set to [logs/ping-INSTANCE_ID_IS_UNDEFINED.log]
14:51:18,449 |-INFO in ch.qos.logback.classic.model.processor.LoggerModelHandler - Setting level of logger [com.demo] to INFO
14:51:18,449 |-INFO in ch.qos.logback.classic.model.processor.LoggerModelHandler - Setting level of logger [com.demo.service.impl.FileLockThrottlingService] to INFO
14:51:18,449 |-INFO in ch.qos.logback.classic.model.processor.RootLoggerModelHandler - Setting level of ROOT logger to INFO
14:51:18,449 |-INFO in ch.qos.logback.core.model.processor.AppenderRefModelHandler - Attaching appender named [console] to Logger[ROOT]
14:51:18,451 |-INFO in ch.qos.logback.core.model.processor.AppenderRefModelHandler - Attaching appender named [file] to Logger[ROOT]
14:51:18,451 |-INFO in ch.qos.logback.core.model.processor.DefaultProcessor@7ca16adc - End of configuration.
14:51:18,452 |-INFO in ch.qos.logback.classic.joran.JoranConfigurator@5ae1c281 - Registering current configuration as safe fallback point
14:51:18,452 |-INFO in ch.qos.logback.classic.util.ContextInitializer@526e8108 - ch.qos.logback.classic.util.DefaultJoranConfigurator.configure() call lasted 499 milliseconds. ExecutionStatus=DO_NOT_INVOKE_NEXT_IF_ANY

2025-01-08 14:51:19.469 Could not detect default configuration classes for test class [com.demo.ct.PingServiceCTRedisSpec]: PingServiceCTRedisSpec does not declare any static, non-private, non-final, nested classes annotated with @Configuration.
2025-01-08 14:51:19.619 Found @SpringBootConfiguration com.demo.PingApplication for test class com.demo.ct.PingServiceCTRedisSpec
2025-01-08 14:51:19.800 Could not detect default configuration classes for test class [com.demo.ct.PingServiceCTSpec]: PingServiceCTSpec does not declare any static, non-private, non-final, nested classes annotated with @Configuration.
2025-01-08 14:51:19.806 Found @SpringBootConfiguration com.demo.PingApplication for test class com.demo.ct.PingServiceCTSpec
2025-01-08 14:51:19.820 Could not detect default configuration classes for test class [com.demo.service.impl.FileLockThrottlingServiceSpec]: FileLockThrottlingServiceSpec does not declare any static, non-private, non-final, nested classes annotated with @Configuration.
2025-01-08 14:51:19.853 Found @SpringBootConfiguration com.demo.PingApplication for test class com.demo.service.impl.FileLockThrottlingServiceSpec
2025-01-08 14:51:19.868 Could not detect default configuration classes for test class [com.demo.service.impl.RedissonThrottlingServiceSpec]: RedissonThrottlingServiceSpec does not declare any static, non-private, non-final, nested classes annotated with @Configuration.
2025-01-08 14:51:19.873 Found @SpringBootConfiguration com.demo.PingApplication for test class com.demo.service.impl.RedissonThrottlingServiceSpec
2025-01-08 14:51:19.888 Could not detect default configuration classes for test class [com.demo.service.impl.RedisThrottlingServiceSpec]: RedisThrottlingServiceSpec does not declare any static, non-private, non-final, nested classes annotated with @Configuration.
2025-01-08 14:51:19.892 Found @SpringBootConfiguration com.demo.PingApplication for test class com.demo.service.impl.RedisThrottlingServiceSpec
2025-01-08 14:51:19.920 Could not detect default configuration classes for test class [com.demo.service.PingServiceSpec]: PingServiceSpec does not declare any static, non-private, non-final, nested classes annotated with @Configuration.
2025-01-08 14:51:19.944 Found @SpringBootConfiguration com.demo.PingApplication for test class com.demo.service.PingServiceSpec
2025-01-08 14:51:19.961 Could not detect default configuration classes for test class [com.demo.ct.PingServiceCTRedisSpec]: PingServiceCTRedisSpec does not declare any static, non-private, non-final, nested classes annotated with @Configuration.
2025-01-08 14:51:19.966 Found @SpringBootConfiguration com.demo.PingApplication for test class com.demo.ct.PingServiceCTRedisSpec
2025-01-08 14:51:19.974 Could not detect default configuration classes for test class [com.demo.ct.PingServiceCTSpec]: PingServiceCTSpec does not declare any static, non-private, non-final, nested classes annotated with @Configuration.
2025-01-08 14:51:19.976 Found @SpringBootConfiguration com.demo.PingApplication for test class com.demo.ct.PingServiceCTSpec
2025-01-08 14:51:19.985 Could not detect default configuration classes for test class [com.demo.service.impl.FileLockThrottlingServiceSpec]: FileLockThrottlingServiceSpec does not declare any static, non-private, non-final, nested classes annotated with @Configuration.
2025-01-08 14:51:19.987 Found @SpringBootConfiguration com.demo.PingApplication for test class com.demo.service.impl.FileLockThrottlingServiceSpec
2025-01-08 14:51:19.994 Could not detect default configuration classes for test class [com.demo.service.impl.RedissonThrottlingServiceSpec]: RedissonThrottlingServiceSpec does not declare any static, non-private, non-final, nested classes annotated with @Configuration.
2025-01-08 14:51:19.998 Found @SpringBootConfiguration com.demo.PingApplication for test class com.demo.service.impl.RedissonThrottlingServiceSpec
2025-01-08 14:51:20.004 Could not detect default configuration classes for test class [com.demo.service.impl.RedisThrottlingServiceSpec]: RedisThrottlingServiceSpec does not declare any static, non-private, non-final, nested classes annotated with @Configuration.
2025-01-08 14:51:20.007 Found @SpringBootConfiguration com.demo.PingApplication for test class com.demo.service.impl.RedisThrottlingServiceSpec
2025-01-08 14:51:20.016 Could not detect default configuration classes for test class [com.demo.service.PingServiceSpec]: PingServiceSpec does not declare any static, non-private, non-final, nested classes annotated with @Configuration.
2025-01-08 14:51:20.019 Found @SpringBootConfiguration com.demo.PingApplication for test class com.demo.service.PingServiceSpec
14:51:22,854 |-INFO in ch.qos.logback.classic.model.processor.ConfigurationModelHandlerFull - Registering a new ReconfigureOnChangeTask ReconfigureOnChangeTask(born:1736319082854)
14:51:22,854 |-INFO in ch.qos.logback.classic.model.processor.ConfigurationModelHandlerFull - Will scan for changes in [file:/C:/code/hsbc/demo/ping/target/classes/logback.xml] 
14:51:22,854 |-INFO in ch.qos.logback.classic.model.processor.ConfigurationModelHandlerFull - Setting ReconfigureOnChangeTask scanning period to 10 seconds
14:51:22,855 |-INFO in ch.qos.logback.core.model.processor.AppenderModelHandler - Processing appender named [console]
14:51:22,855 |-INFO in ch.qos.logback.core.model.processor.AppenderModelHandler - About to instantiate appender of type [ch.qos.logback.core.ConsoleAppender]
14:51:22,855 |-INFO in ch.qos.logback.core.model.processor.ImplicitModelHandler - Assuming default type [ch.qos.logback.classic.encoder.PatternLayoutEncoder] for [encoder] property
14:51:22,855 |-INFO in ch.qos.logback.core.model.processor.AppenderModelHandler - Processing appender named [file]
14:51:22,855 |-INFO in ch.qos.logback.core.model.processor.AppenderModelHandler - About to instantiate appender of type [ch.qos.logback.core.rolling.RollingFileAppender]
14:51:22,856 |-INFO in c.q.l.core.rolling.TimeBasedRollingPolicy@1393900894 - setting totalSizeCap to 250 MB
14:51:22,856 |-INFO in c.q.l.core.rolling.TimeBasedRollingPolicy@1393900894 - No compression will be used
14:51:22,856 |-INFO in c.q.l.core.rolling.TimeBasedRollingPolicy@1393900894 - Will use the pattern logs/ping-INSTANCE_ID_IS_UNDEFINED.log.%d{yyyyMMdd}.%i.log for the active file
14:51:22,856 |-INFO in ch.qos.logback.core.rolling.SizeAndTimeBasedFNATP@5b407336 - The date pattern is 'yyyyMMdd' from file name pattern 'logs/ping-INSTANCE_ID_IS_UNDEFINED.log.%d{yyyyMMdd}.%i.log'.
14:51:22,856 |-INFO in ch.qos.logback.core.rolling.SizeAndTimeBasedFNATP@5b407336 - Roll-over at midnight.
14:51:22,856 |-INFO in ch.qos.logback.core.rolling.SizeAndTimeBasedFNATP@5b407336 - Setting initial period to 2025-01-08T06:51:20.020Z
14:51:22,856 |-WARN in ch.qos.logback.core.rolling.SizeAndTimeBasedFNATP@5b407336 - SizeAndTimeBasedFNATP is deprecated. Use SizeAndTimeBasedRollingPolicy instead
14:51:22,856 |-WARN in ch.qos.logback.core.rolling.SizeAndTimeBasedFNATP@5b407336 - For more information see http://logback.qos.ch/manual/appenders.html#SizeAndTimeBasedRollingPolicy
14:51:22,858 |-INFO in ch.qos.logback.core.model.processor.ImplicitModelHandler - Assuming default type [ch.qos.logback.classic.encoder.PatternLayoutEncoder] for [encoder] property
14:51:22,858 |-INFO in ch.qos.logback.core.rolling.RollingFileAppender[file] - Active log file name: logs/ping-INSTANCE_ID_IS_UNDEFINED.log
14:51:22,858 |-INFO in ch.qos.logback.core.rolling.RollingFileAppender[file] - File property is set to [logs/ping-INSTANCE_ID_IS_UNDEFINED.log]
14:51:22,858 |-INFO in ch.qos.logback.classic.model.processor.LoggerModelHandler - Setting level of logger [com.demo] to INFO
14:51:22,858 |-INFO in ch.qos.logback.classic.jul.LevelChangePropagator@160cf225 - Propagating INFO level on Logger[com.demo] onto the JUL framework
14:51:22,859 |-INFO in ch.qos.logback.classic.model.processor.LoggerModelHandler - Setting level of logger [com.demo.service.impl.FileLockThrottlingService] to INFO
14:51:22,859 |-INFO in ch.qos.logback.classic.jul.LevelChangePropagator@160cf225 - Propagating INFO level on Logger[com.demo.service.impl.FileLockThrottlingService] onto the JUL framework
14:51:22,859 |-INFO in ch.qos.logback.classic.model.processor.RootLoggerModelHandler - Setting level of ROOT logger to INFO
14:51:22,859 |-INFO in ch.qos.logback.classic.jul.LevelChangePropagator@160cf225 - Propagating INFO level on Logger[ROOT] onto the JUL framework
14:51:22,859 |-INFO in ch.qos.logback.core.model.processor.AppenderRefModelHandler - Attaching appender named [console] to Logger[ROOT]
14:51:22,859 |-INFO in ch.qos.logback.core.model.processor.AppenderRefModelHandler - Attaching appender named [file] to Logger[ROOT]
14:51:22,859 |-INFO in ch.qos.logback.core.model.processor.DefaultProcessor@6a262980 - End of configuration.
14:51:22,859 |-INFO in org.springframework.boot.logging.logback.SpringBootJoranConfigurator@10230657 - Registering current configuration as safe fallback point


  .   ____          _            __ _ _
 /\\ / ___'_ __ _ _(_)_ __  __ _ \ \ \ \
( ( )\___ | '_ | '_| | '_ \/ _` | \ \ \ \
 \\/  ___)| |_)| | | | | || (_| |  ) ) ) )
  '  |____| .__|_| |_|_| |_\__, | / / / /
 =========|_|==============|___/=/_/_/_/
 :: Spring Boot ::                (v3.1.4)

2025-01-08 14:51:22.910 

Found multiple occurrences of org.json.JSONObject on the class path:

	jar:file:/C:/work/apache-maven-3.8.8/repo/com/vaadin/external/google/android-json/0.0.20131108.vaadin1/android-json-0.0.20131108.vaadin1.jar!/org/json/JSONObject.class
	jar:file:/C:/work/apache-maven-3.8.8/repo/org/json/json/20220320/json-20220320.jar!/org/json/JSONObject.class

You may wish to exclude one of them to ensure predictable runtime behavior

2025-01-08 14:51:22.935 Starting PingServiceCTRedisSpec using Java 17.0.12 with PID 28988 (started by joech in C:\code\hsbc\demo\ping)
2025-01-08 14:51:22.937 No active profile set, falling back to 1 default profile: "default"
2025-01-08 14:51:24.068 Multiple Spring Data modules found, entering strict repository configuration mode
2025-01-08 14:51:24.074 Bootstrapping Spring Data Redis repositories in DEFAULT mode.
2025-01-08 14:51:24.137 Finished Spring Data repository scanning in 32 ms. Found 0 Redis repository interfaces.
2025-01-08 14:51:26.613 Redisson 3.21.3
2025-01-08 14:51:27.291 1 connections initialized for localhost/127.0.0.1:6379
2025-01-08 14:51:27.415 24 connections initialized for localhost/127.0.0.1:6379
2025-01-08 14:51:28.295 Exposing 1 endpoint(s) beneath base path '/actuator'
2025-01-08 14:51:29.008 Started PingServiceCTRedisSpec in 6.32 seconds (process running for 12.739)
2025-01-08 14:51:31.029 Request 2 not sent as being 'ping rate limited'
2025-01-08 14:51:31.572 null Unexpected exception during request: java.net.SocketException: Connection reset
java.net.SocketException: Connection reset
	at java.base/sun.nio.ch.SocketChannelImpl.throwConnectionReset(SocketChannelImpl.java:394)
	at java.base/sun.nio.ch.SocketChannelImpl.read(SocketChannelImpl.java:426)
	at io.netty.buffer.PooledByteBuf.setBytes(PooledByteBuf.java:254)
	at io.netty.buffer.AbstractByteBuf.writeBytes(AbstractByteBuf.java:1132)
	at io.netty.channel.socket.nio.NioSocketChannel.doReadBytes(NioSocketChannel.java:357)
	at io.netty.channel.nio.AbstractNioByteChannel$NioByteUnsafe.read(AbstractNioByteChannel.java:151)
	at io.netty.channel.nio.NioEventLoop.processSelectedKey(NioEventLoop.java:788)
	at io.netty.channel.nio.NioEventLoop.processSelectedKeysOptimized(NioEventLoop.java:724)
	at io.netty.channel.nio.NioEventLoop.processSelectedKeys(NioEventLoop.java:650)
	at io.netty.channel.nio.NioEventLoop.run(NioEventLoop.java:562)
	at io.netty.util.concurrent.SingleThreadEventExecutor$4.run(SingleThreadEventExecutor.java:997)
	at io.netty.util.internal.ThreadExecutorMap$2.run(ThreadExecutorMap.java:74)
	at io.netty.util.concurrent.FastThreadLocalRunnable.run(FastThreadLocalRunnable.java:30)
	at java.base/java.lang.Thread.run(Thread.java:842)
2025-01-08 14:51:31.631 Reconnecting, last destination was localhost/127.0.0.1:6379
2025-01-08 14:51:31.637 Cannot reconnect to [localhost/<unresolved>:6379]: Connection refused: no further information: localhost/127.0.0.1:6379
]]></system-out>
  </testcase>
</testsuite>