GROUP,PACKAGE,CLASS,INSTRUCTION_MISSED,INSTRUCTION_COVERED,BRANCH_MISSED,BRANCH_COVERED,LINE_MISSED,LINE_COVERED,COMPLEXITY_MISSED,COMPLEXITY_COVERED,METHOD_MISSED,METHOD_COVERED
ping,com.demo.service,PingService,11,157,2,2,2,43,2,11,0,11
ping,com.demo.config,RedisConfig,32,33,2,2,9,12,6,7,4,7
ping,com.demo.service.impl,RedisThrottlingService,1,44,0,4,1,8,1,5,1,3
ping,com.demo.service.impl,ThrottlingServiceFactory,23,11,5,1,5,3,3,2,0,2
ping,com.demo.service.impl,RedissonThrottlingService,21,10,1,1,4,4,3,2,2,2
ping,com.demo.service.impl,FileLockThrottlingService,53,170,7,11,18,52,7,13,1,10
ping,com.demo,PingApplication,21,3,0,0,6,1,1,1,1,1
