GROUP,PACKAGE,CLASS,INSTRUCTION_MISSED,INSTRUCTION_COVERED,BRANCH_MISSED,BRANCH_COVERED,LINE_MISSED,LINE_COVERED,COMPLEXITY_MISSED,COMPLEXITY_COVERED,METHOD_MISSED,METHOD_COVERED
ping,com.demo.service,PingService,11,150,2,2,2,40,2,10,0,10
ping,com.demo.config,RedisConfig,0,49,0,0,0,16,0,9,0,9
ping,com.demo.service.impl,RedisThrottlingService,5,47,1,5,2,9,1,5,0,3
ping,com.demo.service.impl,ThrottlingServiceFactory,0,34,0,6,0,8,0,5,0,2
ping,com.demo.service.impl,RedissonThrottlingService,0,39,2,4,0,8,2,4,0,3
ping,com.demo.service.impl,FileLockThrottlingService,66,187,9,11,23,55,7,14,0,11
ping,com.demo,PingApplication,21,3,0,0,6,1,1,1,1,1
