<?xml version="1.0" encoding="UTF-8" standalone="yes"?><!DOCTYPE report PUBLIC "-//JACOCO//DTD Report 1.1//EN" "report.dtd"><report name="pong"><sessioninfo id="Joe-31a90b50" start="1735650416059" dump="1735650446828"/><sessioninfo id="Joe-543577c5" start="1735650645340" dump="1735650676004"/><sessioninfo id="Joe-a811a089" start="1735651309419" dump="1735651340259"/><sessioninfo id="Joe-e43a310e" start="1735662098999" dump="1735662130724"/><sessioninfo id="Joe-7ea8a3c7" start="1735662329080" dump="1735662361076"/><sessioninfo id="Joe-6e0a76bd" start="1735662615794" dump="1735662647620"/><sessioninfo id="Joe-541e88f3" start="1735662803530" dump="1735662829776"/><sessioninfo id="Joe-30eee8e0" start="1735664466323" dump="1735664492692"/></report>